<?xml version="1.0" encoding="UTF-8"?>
<!-- Generated by org.testng.reporters.JUnitReportReporter -->
<testsuite hostname="Confiz-4844" failures="0" tests="4" name="MicroAccountingAutomation.Test.LoginTestCases" time="2.224" errors="1" timestamp="21 Apr 2021 11:51:24 GMT" skipped="0">
  <testcase classname="MicroAccountingAutomation.Test.LoginTestCases" name="sentEmail" time="0.000">
    <error message="
Parameter &#039;email&#039; is required by AfterSuite on method sentEmail but has not been marked @Optional or defined
in C:\Users\zunair.hussain\AppData\Local\Temp\testng-eclipse-2072727527\testng-customsuite.xml" type="org.testng.TestNGException">
      <![CDATA[org.testng.TestNGException: 
Parameter 'email' is required by AfterSuite on method sentEmail but has not been marked @Optional or defined
in C:\Users\zunair.hussain\AppData\Local\Temp\testng-eclipse-2072727527\testng-customsuite.xml
at org.testng.internal.Parameters.createParams(Parameters.java:290)
at org.testng.internal.Parameters.createParametersForMethod(Parameters.java:359)
at org.testng.internal.Parameters.createParameters(Parameters.java:620)
at org.testng.internal.Parameters.createConfigurationParameters(Parameters.java:190)
at org.testng.internal.Invoker.invokeConfigurations(Invoker.java:209)
at org.testng.internal.Invoker.invokeConfigurations(Invoker.java:142)
at org.testng.SuiteRunner.privateRun(SuiteRunner.java:425)
at org.testng.SuiteRunner.run(SuiteRunner.java:364)
at org.testng.SuiteRunnerWorker.runSuite(SuiteRunnerWorker.java:52)
at org.testng.SuiteRunnerWorker.run(SuiteRunnerWorker.java:84)
at org.testng.TestNG.runSuitesSequentially(TestNG.java:1208)
at org.testng.TestNG.runSuitesLocally(TestNG.java:1137)
at org.testng.TestNG.runSuites(TestNG.java:1049)
at org.testng.TestNG.run(TestNG.java:1017)
at org.testng.remote.AbstractRemoteTestNG.run(AbstractRemoteTestNG.java:115)
at org.testng.remote.RemoteTestNG.initAndRun(RemoteTestNG.java:251)
at org.testng.remote.RemoteTestNG.main(RemoteTestNG.java:77)
]]>
    </error>
  </testcase> <!-- sentEmail -->
  <testcase classname="MicroAccountingAutomation.Test.LoginTestCases" name="successfullUserLogin" time="0.294"/>
  <testcase classname="MicroAccountingAutomation.Test.LoginTestCases" name="successfullUserLogout" time="0.817"/>
  <testcase classname="MicroAccountingAutomation.Test.LoginTestCases" name="loginFailureVerification" time="1.113"/>
</testsuite> <!-- MicroAccountingAutomation.Test.LoginTestCases -->
